<?xml version="1.0" encoding="UTF-8"?>
<!-- Generated by org.testng.reporters.JUnitXMLReporter -->
<testsuite ignored="0" hostname="DESKTOP-NEII4G1" failures="1" tests="1" name="FirefoxTest" time="0.016" errors="0" timestamp="2023-05-25T11:28:01 IST">
  <testcase classname="testNGExecution.SelectBrowser2" name="method1" time="0.0">
    <failure type="org.testng.TestNGException" message="
Parameter &amp;apos;Vusername&amp;apos; is required by @Test on method method1 but has not been marked @Optional or defined
in C:\Users\Administrator\git\BharoteRepository\wcsm8seleniumproject\testngSelectBrowser2.xml">
      <![CDATA[org.testng.TestNGException: 
Parameter 'Vusername' is required by @Test on method method1 but has not been marked @Optional or defined
in C:\Users\Administrator\git\BharoteRepository\wcsm8seleniumproject\testngSelectBrowser2.xml
at java.base/java.util.ArrayList.forEach(ArrayList.java:1511)
... Removed 26 stack frames]]>
    </failure>
  </testcase> <!-- method1 -->
</testsuite> <!-- FirefoxTest -->
